0 info it worked if it ends with ok
1 verbose cli [ '/usr/local/Cellar/node/6.3.1/bin/node',
1 verbose cli   '/usr/local/bin/npm',
1 verbose cli   'install',
1 verbose cli   'hexo',
1 verbose cli   '--save' ]
2 info using npm@4.0.3
3 info using node@v6.3.1
4 silly loadCurrentTree Starting
5 silly install loadCurrentTree
6 silly install readLocalPackageData
7 silly fetchPackageMetaData hexo@^3.2.0
8 silly fetchNamedPackageData hexo
9 silly mapToRegistry name hexo
10 silly mapToRegistry using default registry
11 silly mapToRegistry registry https://registry.npmjs.org/
12 silly mapToRegistry data Result {
12 silly mapToRegistry   raw: 'hexo',
12 silly mapToRegistry   scope: null,
12 silly mapToRegistry   escapedName: 'hexo',
12 silly mapToRegistry   name: 'hexo',
12 silly mapToRegistry   rawSpec: '',
12 silly mapToRegistry   spec: 'latest',
12 silly mapToRegistry   type: 'tag' }
13 silly mapToRegistry uri https://registry.npmjs.org/hexo
14 verbose request uri https://registry.npmjs.org/hexo
15 verbose request no auth needed
16 info attempt registry request try #1 at 18:02:26
17 verbose request id 100e5fa128dd6397
18 verbose etag W/"599833fc-2ab31"
19 verbose lastModified Sat, 19 Aug 2017 12:50:04 GMT
20 http request GET https://registry.npmjs.org/hexo
21 http 200 https://registry.npmjs.org/hexo
22 verbose headers { server: 'nginx/1.10.1',
22 verbose headers   'content-type': 'application/json',
22 verbose headers   'last-modified': 'Tue, 05 Sep 2017 22:23:27 GMT',
22 verbose headers   etag: 'W/"59af23df-2b3d4"',
22 verbose headers   'content-encoding': 'gzip',
22 verbose headers   'cache-control': 'max-age=300',
22 verbose headers   'content-length': '13528',
22 verbose headers   'accept-ranges': 'bytes',
22 verbose headers   date: 'Sun, 24 Sep 2017 10:02:30 GMT',
22 verbose headers   via: '1.1 varnish',
22 verbose headers   age: '0',
22 verbose headers   connection: 'keep-alive',
22 verbose headers   'x-served-by': 'cache-nrt6123-NRT',
22 verbose headers   'x-cache': 'HIT',
22 verbose headers   'x-cache-hits': '1',
22 verbose headers   'x-timer': 'S1506247350.268025,VS0,VE164',
22 verbose headers   vary: 'Accept-Encoding, Accept' }
23 silly get cb [ 200,
23 silly get   { server: 'nginx/1.10.1',
23 silly get     'content-type': 'application/json',
23 silly get     'last-modified': 'Tue, 05 Sep 2017 22:23:27 GMT',
23 silly get     etag: 'W/"59af23df-2b3d4"',
23 silly get     'content-encoding': 'gzip',
23 silly get     'cache-control': 'max-age=300',
23 silly get     'content-length': '13528',
23 silly get     'accept-ranges': 'bytes',
23 silly get     date: 'Sun, 24 Sep 2017 10:02:30 GMT',
23 silly get     via: '1.1 varnish',
23 silly get     age: '0',
23 silly get     connection: 'keep-alive',
23 silly get     'x-served-by': 'cache-nrt6123-NRT',
23 silly get     'x-cache': 'HIT',
23 silly get     'x-cache-hits': '1',
23 silly get     'x-timer': 'S1506247350.268025,VS0,VE164',
23 silly get     vary: 'Accept-Encoding, Accept' } ]
24 verbose get saving hexo to /Users/wangwei/.npm/registry.npmjs.org/hexo/.cache.json
25 verbose correctMkdir /Users/wangwei/.npm correctMkdir not in flight; initializing
26 silly install normalizeTree
27 silly loadCurrentTree Finishing
28 silly loadIdealTree Starting
29 silly install loadIdealTree
30 silly cloneCurrentTree Starting
31 silly install cloneCurrentTreeToIdealTree
32 silly cloneCurrentTree Finishing
33 silly loadShrinkwrap Starting
34 silly install loadShrinkwrap
35 silly loadShrinkwrap Finishing
36 silly loadAllDepsIntoIdealTree Starting
37 silly install loadAllDepsIntoIdealTree
38 silly resolveWithNewModule hexo@3.3.9 checking installable status
39 silly cache add args [ 'hexo@^3.2.0', null ]
40 verbose cache add spec hexo@^3.2.0
41 silly cache add parsed spec Result {
41 silly cache add   raw: 'hexo@^3.2.0',
41 silly cache add   scope: null,
41 silly cache add   escapedName: 'hexo',
41 silly cache add   name: 'hexo',
41 silly cache add   rawSpec: '^3.2.0',
41 silly cache add   spec: '>=3.2.0 <4.0.0',
41 silly cache add   type: 'range' }
42 silly addNamed hexo@>=3.2.0 <4.0.0
43 verbose addNamed ">=3.2.0 <4.0.0" is a valid semver range for hexo
44 silly addNameRange { name: 'hexo', range: '>=3.2.0 <4.0.0', hasData: false }
45 silly mapToRegistry name hexo
46 silly mapToRegistry using default registry
47 silly mapToRegistry registry https://registry.npmjs.org/
48 silly mapToRegistry data Result {
48 silly mapToRegistry   raw: 'hexo',
48 silly mapToRegistry   scope: null,
48 silly mapToRegistry   escapedName: 'hexo',
48 silly mapToRegistry   name: 'hexo',
48 silly mapToRegistry   rawSpec: '',
48 silly mapToRegistry   spec: 'latest',
48 silly mapToRegistry   type: 'tag' }
49 silly mapToRegistry uri https://registry.npmjs.org/hexo
50 verbose addNameRange registry:https://registry.npmjs.org/hexo not in flight; fetching
51 verbose get https://registry.npmjs.org/hexo not expired, no request
52 silly addNameRange number 2 { name: 'hexo', range: '>=3.2.0 <4.0.0', hasData: true }
53 silly addNameRange versions [ 'hexo',
53 silly addNameRange   [ '0.0.1',
53 silly addNameRange     '0.0.2',
53 silly addNameRange     '0.0.3',
53 silly addNameRange     '0.0.4',
53 silly addNameRange     '0.0.5',
53 silly addNameRange     '0.0.6',
53 silly addNameRange     '0.1.0',
53 silly addNameRange     '0.1.1',
53 silly addNameRange     '0.1.2',
53 silly addNameRange     '0.1.3',
53 silly addNameRange     '0.1.4',
53 silly addNameRange     '0.1.5',
53 silly addNameRange     '0.1.6',
53 silly addNameRange     '0.1.7',
53 silly addNameRange     '0.1.8',
53 silly addNameRange     '0.1.9',
53 silly addNameRange     '0.1.10',
53 silly addNameRange     '0.1.11',
53 silly addNameRange     '0.2.0',
53 silly addNameRange     '0.2.1',
53 silly addNameRange     '0.3.0',
53 silly addNameRange     '0.3.1',
53 silly addNameRange     '0.3.2',
53 silly addNameRange     '0.4.0',
53 silly addNameRange     '0.4.1',
53 silly addNameRange     '0.4.2',
53 silly addNameRange     '0.4.3',
53 silly addNameRange     '0.4.4',
53 silly addNameRange     '0.4.5',
53 silly addNameRange     '0.5.0',
53 silly addNameRange     '0.5.1',
53 silly addNameRange     '0.5.2',
53 silly addNameRange     '0.5.3',
53 silly addNameRange     '0.5.4',
53 silly addNameRange     '0.5.5',
53 silly addNameRange     '0.5.6',
53 silly addNameRange     '0.5.7',
53 silly addNameRange     '0.5.8',
53 silly addNameRange     '0.5.9',
53 silly addNameRange     '0.5.10',
53 silly addNameRange     '0.5.11',
53 silly addNameRange     '0.5.12',
53 silly addNameRange     '1.0.0',
53 silly addNameRange     '1.0.1',
53 silly addNameRange     '1.0.2',
53 silly addNameRange     '1.0.3',
53 silly addNameRange     '1.0.4',
53 silly addNameRange     '1.0.5',
53 silly addNameRange     '1.0.6',
53 silly addNameRange     '1.0.7',
53 silly addNameRange     '1.0.8',
53 silly addNameRange     '1.0.9',
53 silly addNameRange     '1.1.0',
53 silly addNameRange     '1.1.1',
53 silly addNameRange     '1.1.2',
53 silly addNameRange     '1.1.3',
53 silly addNameRange     '1.1.4',
53 silly addNameRange     '1.2.0',
53 silly addNameRange     '1.2.1',
53 silly addNameRange     '1.2.2',
53 silly addNameRange     '1.2.3',
53 silly addNameRange     '1.2.4',
53 silly addNameRange     '2.0.0-beta2',
53 silly addNameRange     '2.0.0-rc1',
53 silly addNameRange     '2.0.0-rc2',
53 silly addNameRange     '2.0.0-beta1',
53 silly addNameRange     '2.0.0-rc3',
53 silly addNameRange     '2.0.0',
53 silly addNameRange     '2.0.1',
53 silly addNameRange     '2.0.2',
53 silly addNameRange     '2.0.3',
53 silly addNameRange     '2.0.4',
53 silly addNameRange     '2.0.5',
53 silly addNameRange     '2.0.6',
53 silly addNameRange     '2.0.7',
53 silly addNameRange     '2.1.0',
53 silly addNameRange     '2.1.1',
53 silly addNameRange     '2.2.0',
53 silly addNameRange     '2.2.1',
53 silly addNameRange     '2.3.0',
53 silly addNameRange     '2.4.0',
53 silly addNameRange     '2.4.1',
53 silly addNameRange     '2.4.2',
53 silly addNameRange     '2.4.3',
53 silly addNameRange     '2.4.4',
53 silly addNameRange     '2.4.5',
53 silly addNameRange     '2.5.1',
53 silly addNameRange     '2.5.2',
53 silly addNameRange     '2.5.3',
53 silly addNameRange     '2.5.4',
53 silly addNameRange     '2.5.5',
53 silly addNameRange     '2.5.6',
53 silly addNameRange     '2.5.7',
53 silly addNameRange     '2.6.0',
53 silly addNameRange     '2.6.1',
53 silly addNameRange     '2.6.2',
53 silly addNameRange     '2.6.3',
53 silly addNameRange     '2.7.0',
53 silly addNameRange     '2.7.1',
53 silly addNameRange     '2.8.0',
53 silly addNameRange     ... 26 more items ] ]
54 silly addNamed hexo@3.3.9
55 verbose addNamed "3.3.9" is a plain semver version for hexo
56 silly mapToRegistry name hexo
57 silly mapToRegistry using default registry
58 silly mapToRegistry registry https://registry.npmjs.org/
59 silly mapToRegistry data Result {
59 silly mapToRegistry   raw: 'hexo',
59 silly mapToRegistry   scope: null,
59 silly mapToRegistry   escapedName: 'hexo',
59 silly mapToRegistry   name: 'hexo',
59 silly mapToRegistry   rawSpec: '',
59 silly mapToRegistry   spec: 'latest',
59 silly mapToRegistry   type: 'tag' }
60 silly mapToRegistry uri https://registry.npmjs.org/hexo
61 verbose addRemoteTarball https://registry.npmjs.org/hexo/-/hexo-3.3.9.tgz not in flight; adding
62 verbose addRemoteTarball [ 'https://registry.npmjs.org/hexo/-/hexo-3.3.9.tgz',
62 verbose addRemoteTarball   '9c1503ebef509987fb3c2a36cf8249419e25e6ef' ]
63 info retry fetch attempt 1 at 18:02:33
64 info attempt registry request try #1 at 18:02:33
65 http fetch GET https://registry.npmjs.org/hexo/-/hexo-3.3.9.tgz
66 http fetch 200 https://registry.npmjs.org/hexo/-/hexo-3.3.9.tgz
67 info retry will retry, error on last attempt: Error: read ECONNRESET
68 silly fetchAndShaCheck shasum 9c1503ebef509987fb3c2a36cf8249419e25e6ef
69 silly rollbackFailedOptional Starting
70 silly rollbackFailedOptional Finishing
71 silly runTopLevelLifecycles Finishing
72 silly install printInstalled
73 verbose stack Error: shasum check failed for /tmp/npm-19199-6981699a/registry.npmjs.org/hexo/-/hexo-3.3.9.tgz
73 verbose stack Expected: 9c1503ebef509987fb3c2a36cf8249419e25e6ef
73 verbose stack Actual:   68acf17743c59b3c8468a159320b1099a4f6efcc
73 verbose stack From:     https://registry.npmjs.org/hexo/-/hexo-3.3.9.tgz
73 verbose stack     at /usr/local/lib/node_modules/npm/node_modules/sha/index.js:25:8
73 verbose stack     at ReadStream.<anonymous> (/usr/local/lib/node_modules/npm/node_modules/sha/index.js:72:7)
73 verbose stack     at emitNone (events.js:91:20)
73 verbose stack     at ReadStream.emit (events.js:185:7)
73 verbose stack     at endReadableNT (_stream_readable.js:975:12)
73 verbose stack     at _combinedTickCallback (internal/process/next_tick.js:74:11)
73 verbose stack     at process._tickCallback (internal/process/next_tick.js:98:9)
74 verbose cwd /Users/wangwei/code/doc/blog
75 error Darwin 15.0.0
76 error argv "/usr/local/Cellar/node/6.3.1/bin/node" "/usr/local/bin/npm" "install" "hexo" "--save"
77 error node v6.3.1
78 error npm  v4.0.3
79 error shasum check failed for /tmp/npm-19199-6981699a/registry.npmjs.org/hexo/-/hexo-3.3.9.tgz
79 error Expected: 9c1503ebef509987fb3c2a36cf8249419e25e6ef
79 error Actual:   68acf17743c59b3c8468a159320b1099a4f6efcc
79 error From:     https://registry.npmjs.org/hexo/-/hexo-3.3.9.tgz
80 error If you need help, you may report this error at:
80 error     <https://github.com/npm/npm/issues>
81 verbose exit [ 1, true ]
